Determining if the pthread_create exist failed with the following output:
Change Dir: /home/jakub/Documents/ros_scorpio_ws/build/CMakeFiles/CMakeTmp

Run Build Command:"/usr/bin/make" "cmTC_81322/fast"
/usr/bin/make -f CMakeFiles/cmTC_81322.dir/build.make CMakeFiles/cmTC_81322.dir/build
make[1]: Entering directory '/home/jakub/Documents/ros_scorpio_ws/build/CMakeFiles/CMakeTmp'
Building C object CMakeFiles/cmTC_81322.dir/CheckSymbolExists.c.o
/usr/bin/cc    -o CMakeFiles/cmTC_81322.dir/CheckSymbolExists.c.o   -c /home/jakub/Documents/ros_scorpio_ws/build/CMakeFiles/CMakeTmp/CheckSymbolExists.c
Linking C executable cmTC_81322
/usr/bin/cmake -E cmake_link_script CMakeFiles/cmTC_81322.dir/link.txt --verbose=1
/usr/bin/cc      -rdynamic CMakeFiles/cmTC_81322.dir/CheckSymbolExists.c.o  -o cmTC_81322 
CMakeFiles/cmTC_81322.dir/CheckSymbolExists.c.o: In function `main':
CheckSymbolExists.c:(.text+0x1b): undefined reference to `pthread_create'
collect2: error: ld returned 1 exit status
CMakeFiles/cmTC_81322.dir/build.make:97: recipe for target 'cmTC_81322' failed
make[1]: *** [cmTC_81322] Error 1
make[1]: Leaving directory '/home/jakub/Documents/ros_scorpio_ws/build/CMakeFiles/CMakeTmp'
Makefile:126: recipe for target 'cmTC_81322/fast' failed
make: *** [cmTC_81322/fast] Error 2

File /home/jakub/Documents/ros_scorpio_ws/build/CMakeFiles/CMakeTmp/CheckSymbolExists.c:
/* */
#include <pthread.h>

int main(int argc, char** argv)
{
  (void)argv;
#ifndef pthread_create
  return ((int*)(&pthread_create))[argc];
#else
  (void)argc;
  return 0;
#endif
}

Determining if the function pthread_create exists in the pthreads failed with the following output:
Change Dir: /home/jakub/Documents/ros_scorpio_ws/build/CMakeFiles/CMakeTmp

Run Build Command:"/usr/bin/make" "cmTC_c8e71/fast"
/usr/bin/make -f CMakeFiles/cmTC_c8e71.dir/build.make CMakeFiles/cmTC_c8e71.dir/build
make[1]: Entering directory '/home/jakub/Documents/ros_scorpio_ws/build/CMakeFiles/CMakeTmp'
Building C object CMakeFiles/cmTC_c8e71.dir/CheckFunctionExists.c.o
/usr/bin/cc   -DCHECK_FUNCTION_EXISTS=pthread_create   -o CMakeFiles/cmTC_c8e71.dir/CheckFunctionExists.c.o   -c /usr/share/cmake-3.10/Modules/CheckFunctionExists.c
Linking C executable cmTC_c8e71
/usr/bin/cmake -E cmake_link_script CMakeFiles/cmTC_c8e71.dir/link.txt --verbose=1
/usr/bin/cc  -DCHECK_FUNCTION_EXISTS=pthread_create    -rdynamic CMakeFiles/cmTC_c8e71.dir/CheckFunctionExists.c.o  -o cmTC_c8e71 -lpthreads 
/usr/bin/ld: cannot find -lpthreads
collect2: error: ld returned 1 exit status
CMakeFiles/cmTC_c8e71.dir/build.make:97: recipe for target 'cmTC_c8e71' failed
make[1]: *** [cmTC_c8e71] Error 1
make[1]: Leaving directory '/home/jakub/Documents/ros_scorpio_ws/build/CMakeFiles/CMakeTmp'
Makefile:126: recipe for target 'cmTC_c8e71/fast' failed
make: *** [cmTC_c8e71/fast] Error 2


